<?xml version="1.0" encoding="UTF-8"?>
<!-- Generated by org.testng.reporters.JUnitXMLReporter -->
<testsuite hostname="DESKTOP-0J8L4NA" ignored="0" name="Default test" tests="6" failures="0" timestamp="05 Mar 2018 00:07:25 GMT" time="5.047" errors="0">
  <testcase name="getWeatherDataUsingCityID" time="2.229" classname="com.qa.weatherTests.Test1_GetRequest"/>
  <testcase name="getWeatherUsingCityName" time="0.243" classname="com.qa.weatherTests.Test1_GetRequest"/>
  <testcase name="getWeatherUsingGeographicCoordinates" time="0.35" classname="com.qa.weatherTests.Test1_GetRequest"/>
  <testcase name="getWeatherUsingGroupID" time="1.051" classname="com.qa.weatherTests.Test1_GetRequest"/>
  <testcase name="getWeatherUsingGroupIDTest2" time="0.83" classname="com.qa.weatherTests.Test1_GetRequest"/>
  <testcase name="getWeatherUsingGroupIDTest3" time="0.281" classname="com.qa.weatherTests.Test1_GetRequest"/>
</testsuite> <!-- Default test -->
